RUNNING CG001Qv40Next015,180831_NB551381_0017_AH5TCMAFXY
RUNNING CG001Qv40Next016,180906_NB551381_0018_AH5T7KAFXY
RUNNING CG001Qv40Next043,190812_NB551381_0045_AHMNNJAFXY
RUNNING CG001Qv40Next039,190627_NB551381_0041_AHKVT3AFXY
RUNNING CG001Qv40Next041,190731_NB551381_0043_AHMMNKAFXY
RUNNING CG001Qv40Next040,190708_NB551381_0042_AHMMTTAFXY
RUNNING CG001Qv40Next042,190807_NB551381_0044_AHMNYYAFXY
RUNNING CG001Qv40Next017,180912_NB551381_0019_AH5MLJAFXY
RUNNING CG001Qv40Next051,190916_NB551381_0053_AHNVKFAFXY
RUNNING CG001Qv40Next044,190814_NB551381_0046_AHMMTNAFXY
RUNNING CG001Qv40Next018,180917_NB551381_0020_AH5T7LAFXY
RUNNING CG001Qv40Next046,190822_NB551381_0048_AHNWJMAFXY
RUNNING CG001Qv40Next045,190819_NB551381_0047_AHNTVYAFXY
RUNNING CG001Qv40Next047,190827_NB551381_0049_AHNW2CAFXY
RUNNING CG001Qv40Next048,190904_NB551381_0050_AHNVKVAFXY
RUNNING CG001Qv40Next049,190909_NB551381_0051_AHNTTTAFXY
RUNNING CG001Qv40Next050,190911_NB551381_0052_AHNTNYAFXY
RUNNING CG001Qv40Next052,190924_NB551381_0054_AHNTYCAFXY
RUNNING CG001Qv40Next053,191011_NB551381_0055_AHNTVVAFXY
RUNNING CG001Qv40Next055,191126_NB551381_0058_AHNTY7AFXY
RUNNING CG001Qv40Next056,191127_NB551381_0059_AHTGWCAFXY
RUNNING CG001Qv40Next057,191205_NB551381_0060_AHWVLJAFXY
RUNNING CG001Qv40Next058,191209_NB551381_0061_AHWN2WAFXY
RUNNING CG001Qv40Next059,191211_NB551381_0062_AHY57GAFXY
RUNNING CG001Qv40Next061,200115_NB551381_0064_AHY57NAFXY
RUNNING CG001Qv40Next060,191227_NB551381_0063_AHWMWNAFXY
RUNNING CG001Qv40Next062,200121_NB551381_0065_AHWN5JAFXY
RUNNING CG001Qv40Next063,200128_NB551381_0066_AHWT2FAFXY
RUNNING CG001Qv40Next064,200130_NB551381_0067_AHY57FAFXY
RUNNING CG001Qv40Next065,200210_NB551381_0068_AHWT7GAFXY
RUNNING CG001Qv40Next066,200218_NB551381_0069_AHWT7TAFXY
RUNNING CG001Qv40Next021,181001_NB551381_0023_AHCMG5AFXY
RUNNING CG001Qv40Next067,200309_NB551381_0070_AHWT5VAFXY
RUNNING CG001Qv40Next068,200429_NB551381_0073_AH5M5GAFX2
RUNNING CG001Qv40Next069,200501_NB551381_0074_AH5LFGAFX2
RUNNING CG001Qv40Next070,200520_NB551381_0075_AH5LYWAFX2
RUNNING CG001Qv40Next071,200611_NB551381_0076_AH5LK2AFX2
RUNNING CG001Qv40Next074,200703_NB551381_0079_AH5LJYAFX2
RUNNING CG001Qv40Next076,200903_NB551381_0082_AHFW2NAFX2
RUNNING CG001Qv40Next075,200707_NB551381_0080_AH5H3HAFX2
RUNNING CG001Qv40Next078,200921_NB551381_0084_AHFWC5AFX2
RUNNING CG001Qv40Next079,200924_NB551381_0085_AHFWTVAFX2
RUNNING CG001Qv40Next072,200623_NB551381_0077_AH5LGNAFX2
RUNNING CG001Qv40Next022,181010_NB551381_0024_AHCLM7AFXY
RUNNING CG001Qv40Next073,200625_NB551381_0078_AH5LJLAFX2
RUNNING CG001Qv40Next081,201020_NB551381_0092_AHFWCCAFX2
WARNING: No results is tagged true for CG001Qv40Next081,201020_NB551381_0092_AHFWCCAFX2
RUNNING CG001Qv40Next023,181015_NB551381_0025_AHCN77AFXY
RUNNING CG001Qv40Next024,181018_NB551381_0026_AH5JYWAFXY
RUNNING CG001Qv40Next025,181205_NB551381_0027_AH5L35AFXY
RUNNING CG001Qv40Next026,190212_NB551381_0028_AH5KYTAFXY
RUNNING CG001Qv40Next027,190214_NB551381_0029_AH5K53AFXY
RUNNING CG001Qv40Next028,190220_NB551381_0030_AH5KWHAFXY
RUNNING CG001Qv40Next029,190307_NB551381_0031_AHHLWMAFXY
RUNNING CG001Qv40Next030,190321_NB551381_0032_AHHLGWAFXY
RUNNING CG001Qv40Next032,190409_NB551381_0034_AHHM77AFXY
RUNNING CG001Qv40Next033,190412_NB551381_0035_AHHLJCAFXY
RUNNING CG001Qv40Next034,190418_NB551381_0036_AHKM3LAFXY
RUNNING CG001Qv40Next036,190513_NB551381_0038_AHKYGGAFXY
RUNNING CG001Qv40Next035,190509_NB551381_0037_AHKWJWAFXY
RUNNING CG001Qv40Next037,190530_NB551381_0039_AHKVJTAFXY
RUNNING CG001Qv40Next038,190613_NB551381_0040_AHKW33AFXY
RUNNING CG001Qv40Run09,180803_M02558_0240_000000000-BWL83
RUNNING CG001Qv40Run10,180808_M03829_0152_000000000-BWL8C
RUNNING CG001Qv40Run11,180810_M03829_0153_000000000-BM8YJ
RUNNING CG001Qv40Run12,180814_M03829_0154_000000000-BYB63
RUNNING CG001Qv40Run13,180815_M02558_0241_000000000-BWLKJ
RUNNING CG001Qv40Run14,180817_M03829_0155_000000000-BWLK6
RUNNING CG001Qv40Run15,180824_M03829_0156_000000000-C2PN4
RUNNING CG001Qv40Run16,180824_M02558_0243_000000000-C2J9D
RUNNING CG001Qv40Run17,180910_M03829_0159_000000000-C2P4D
RUNNING CG001Qv40Run18,180907_M02558_0244_000000000-C2JFB
RUNNING CG001Qv40Run19,180911_M02558_0245_000000000-C2J9N
RUNNING CG001Qv40Run20,180917_M03829_0160_000000000-C2J8C
RUNNING CG001Qv40Run21,180918_M02558_0246_000000000-C2J89
RUNNING CG001Qv40Run22,180920_M03829_0161_000000000-C39CP
RUNNING CG001Qv40Run23,180920_M02558_0247_000000000-C39YB
RUNNING CG001Qv40Run24,180927_M02558_0251_000000000-C3CC6
RUNNING CG001Qv40Run26,180926_M02558_0250_000000000-C39DN
RUNNING CG001Qv40Run27,180925_M03829_0164_000000000-C39YD
RUNNING CG001Qv40Run25,180924_M03829_0163_000000000-C39DC
RUNNING CG001Qv40Run28,180927_M03829_0165_000000000-C39WW
RUNNING CG001Qv40Run29,181001_M02558_0252_000000000-C5695
RUNNING CG001Qv40Run30,181001_M03829_0166_000000000-C4WMD
RUNNING CG001Qv40Run31,181018_M03829_0168_000000000-C4YCP
RUNNING CG001Qv40Run32,181004_M02558_0253_000000000-C54G8
RUNNING CG001Qv40Run33,181009_M03829_0167_000000000-C569D
RUNNING CG001Qv40Run35,181030_M03829_0169_000000000-C52FR
RUNNING CG001Qv40Run37,181102_M03829_0170_000000000-C572W
RUNNING CG001Qv40Run38,181105_M03829_0171_000000000-C5GGP
RUNNING CG001Qv40Run39,181105_M02558_0258_000000000-C5NKK
RUNNING CG001Qv40Run40,181107_M02558_0259_000000000-C5GP2
RUNNING CG001Qv40Run42,181114_M02558_0261_000000000-C5GDT
RUNNING CG001Qv40Run43,181120_M02558_0263_000000000-C5GPG
RUNNING CG001Qv40Run44,181121_M03829_0175_000000000-C5GF5
RUNNING CG001Qv40Run45,181116_M02558_0262_000000000-C5GFY
RUNNING CG001Qv40Run46,181116_M03829_0174_000000000-C5GP8
RUNNING CG001Qv40Run47,181121_M02558_0264_000000000-C5GGT
RUNNING CG001Qv40Run48,181122_M02558_0265_000000000-C5GH4
RUNNING CG001Qv40Run49,181122_M03829_0176_000000000-C5GP7
RUNNING CG001Qv40Run50,181123_M03829_0177_000000000-C5GD2
RUNNING CG001Qv40Run51,181124_M02558_0266_000000000-C5GCL
RUNNING CG001Qv40Run52,181127_M03829_0178_000000000-C5GFT
RUNNING CG001Qv40Run53,181204_M02558_0271_000000000-C6MJC
RUNNING CG001Qv40Run54,181128_M03829_0179_000000000-C5GCR
RUNNING CG001Qv40Run55,181128_M02558_0267_000000000-C5GNB
RUNNING CG001Qv40Run56,181130_M03829_0180_000000000-C6MPY
RUNNING CG001Qv40Run57,181203_M02558_0269_000000000-C5GG5
RUNNING CG001Qv40Run58,181203_M03829_0181_000000000-C6M8R
RUNNING CG001Qv40Run60,181204_M02558_0271_000000000-C6MJC
RUNNING CG001Qv40Run61,190110_M02558_0273_000000000-C6M84
RUNNING CG001Qv40Run66,190129_M03829_0188_000000000-C6M8H
RUNNING CG001Qv40Run67,190206_M03829_0189_000000000-C6M83
RUNNING CG001Qv40Run68,190211_M02558_0278_000000000-C6M8P
RUNNING CG001Qv40Run69,190213_M02558_0279_000000000-C944T
RUNNING CG001Qv40Run70,190212_M03829_0191_000000000-C944P
RUNNING CG001Qv40Run71,190219_M02558_0280_000000000-C94GY
RUNNING CG001Qv40Run72,190219_M03829_0194_000000000-C8TV7
RUNNING CG001Qv40Run73,190306_M02558_0286_000000000-C93NN
RUNNING CG001Qv40Run74,190225_M03829_0195_000000000-C93PJ
RUNNING CG001Qv40Run75,190307_M03829_0200_000000000-C93TF
RUNNING CG001Qv40Run77,190228_M02558_0282_000000000-C8TW5
RUNNING CG001Qv40Run79,190228_M03829_0196_000000000-C94FJ
RUNNING CG001Qv40Run80,190305_M02558_0285_000000000-C94H6
RUNNING CG001Qv40Run81,190314_M02558_0288_000000000-C93R8
RUNNING CG001Qv40Run82,190314_M03829_0201_000000000-BYBV4
RUNNING CG001Qv40Run83,190328_M03829_0205_000000000-CC373
RUNNING CG001Qv40Run84,190315_M02558_0289_000000000-BWRN3
RUNNING CG001Qv40Run85,190327_M03829_0204_000000000-BWRNR
RUNNING CG001Qv40Run86,190409_M03829_0206_000000000-CBYHM
RUNNING CG001Qv40Run87,190319_M03829_0202_000000000-CBYJ9
RUNNING CG001Qv40Run88,190502_M03829_0210_000000000-CBV92
RUNNING CG001Qv40Run90,190325_M02558_0291_000000000-CBYKH
RUNNING CG001Qv40Run91,190415_M03829_0207_000000000-CBYJH
RUNNING CG001Qv40Run92,190417_M02558_0295_000000000-CBYVC
RUNNING CG001Qv40Run93,190429_M03829_0209_000000000-CBT22
RUNNING CG001Qv40Run94,190516_M02558_0299_000000000-CF7G5
RUNNING CG001Qv40Run95,190508_M03829_0211_000000000-CBRYT
RUNNING CG001Qv40Run96,190509_M02558_0298_000000000-CFBMH
RUNNING CG001Qv40Run97,190523_M02558_0300_000000000-CF9L5
RUNNING CG001Qv40Run98,190521_M03829_0213_000000000-B2B6J
RUNNING CG001Qv40Run99,190529_M02558_0301_000000000-CF7F3
RUNNING CG001Qv40Run100,190606_M03829_0217_000000000-CFBVL
RUNNING CG001Qv40Run101,190611_M02558_0303_000000000-CDWWG
RUNNING CG001Qv40Run102,190617_M02558_0305_000000000-CFCJ8
RUNNING CG001Qv40Run103,190617_M03829_0220_000000000-CFBNY
RUNNING CG001Qv40Run104,190612_M03829_0218_000000000-CFC22
RUNNING CG001Qv40Run105,190613_M02558_0304_000000000-CF2G5
RUNNING CG001Qv40Run107,190724_M02558_0314_000000000-CJ228
RUNNING CG001Qv40Run108,190627_M02558_0306_000000000-CF7JJ
RUNNING CG001Qv40Run109,190730_M02558_0315_000000000-CJ236
RUNNING CG001Qv40Run110,190704_M03829_0223_000000000-CJ229
RUNNING CG001Qv40Run111,190711_M02558_0308_000000000-CJ23P
RUNNING CG001Qv40Run112-redo2,190725_M03829_0230_000000000-CJ6M8
RUNNING CG001Qv40Run113,190708_M03829_0224_000000000-CF7DW
RUNNING CG001Qv40Run114,190715_M03829_0226_000000000-CJ3BH
RUNNING CG001Qv40Run115,190712_M02558_0309_000000000-CJ239
RUNNING CG001Qv40Run116,190722_M02558_0313_000000000-CJ3DJ
RUNNING CG001Qv40Run117,190723_M03829_0229_000000000-CHYMH
RUNNING CG001Qv40Run118,190730_M03829_0231_000000000-CJ6T4
RUNNING CG001Qv40Run119,190801_M02558_0316_000000000-CJ3DF
RUNNING CG001Qv40Run120,190820_M03829_0237_000000000-CKJ8D
RUNNING CG001Qv40Run121,190806_M03829_0233_000000000-CJ3B6
RUNNING CG001Qv40Run122,190820_M02558_0319_000000000-CKK3Y
RUNNING CG001Qv40Run123,190830_M02558_0320_000000000-CKJ8T
RUNNING CG001Qv40Run124,190903_M02558_0321_000000000-CKJVY
RUNNING CG001Qv40Run125,190905_M02558_0322_000000000-CKM2N
RUNNING CG001Qv40Run126,190905_M03829_0242_000000000-CKM25
RUNNING CG001Qv40Run127,190910_M03829_0244_000000000-CKJVP
RUNNING CG001Qv40Run128,190910_M02558_0324_000000000-CKJV2
RUNNING CG001Qv40Run129,190920_M02558_0327_000000000-CLTBT
RUNNING CG001Qv40Run130,190927_M03829_0250_000000000-CMBF8
RUNNING CG001Qv40Run131,190930_M03829_0251_000000000-CLTB6
RUNNING CG001Qv40Run132,191010_M03829_0254_000000000-CLTFP
RUNNING CG001Qv40Run134,191016_M02558_0331_000000000-CMC45
RUNNING CG001Qv40Run135,191018_M02558_0332_000000000-CMC4K
RUNNING CG001Qv40Run136,191018_M03829_0256_000000000-CMC4C
RUNNING CG001Qv40Run137,191024_M02558_0334_000000000-CM9MH
RUNNING CG001Qv40Run138,191024_M03829_0259_000000000-CLVRT
RUNNING CG001Qv40Run139,191022_M02558_0333_000000000-CMBFB
RUNNING CG001Qv40Run140,191108_M02558_0337_000000000-CN68C_1
RUNNING CG001Qv40Run142,191104_M02558_0335_000000000-CN66N
RUNNING CG001Qv40Run143,191031_M03829_0263_000000000-CN776
RUNNING CG001Qv40Run144,191107_M02558_0336_000000000-CN6CD
RUNNING CG001Qv40Run146,191120_M02558_0338_000000000-CN65M
RUNNING CG001Qv40Run147,191127_M03829_0272_000000000-CN58M
RUNNING CG001Qv40Run149,191129_M03829_0273_000000000-CN94V
RUNNING CG001Qv40Run150,191204_M03829_0275_000000000-CN65P
RUNNING CG001Qv40Run151,191209_M03829_0277_000000000-CRFPD
RUNNING CG001Qv40Run152,191210_M02558_0339_000000000-CT9RN
RUNNING CG001Qv40Run153,191211_M03829_0278_000000000-CTB6P
RUNNING CG001Qv40Run154,191218_M02558_0340_000000000-CTBGP
RUNNING CG001Qv40Run155,191217_M03829_0280_000000000-CTFBY
RUNNING CG001Qv40Run156,191223_M03829_0282_000000000-CTFCM
RUNNING CG001Qv40Run157,191231_M03829_0283_000000000-CT9RM
RUNNING CG001Qv40Run158,200113_M03829_0287_000000000-CTC9R
RUNNING CG001Qv40Run159,200103_M02558_0341_000000000-CTBF5
RUNNING CG001Qv40Run160,200107_M03829_0285_000000000-CTFCG
RUNNING CG001Qv40Run161,200109_M03829_0286_000000000-CTFC4
RUNNING CG001Qv40Run163,200120_M03829_0288_000000000-CTFCB
RUNNING CG001Qv40Run164,200127_M02558_0344_000000000-CTFC9
RUNNING CG001Qv40Run165,200204_M02558_0346_000000000-CW6BJ
RUNNING CG001Qv40Run166,200127_M03829_0290_000000000-CTC88
RUNNING CG001Qv40Run167,200131_M03829_0292_000000000-CW6Y3
RUNNING CG001Qv40Run168,200206_M03829_0293_000000000-CW99W
RUNNING CG001Qv40Run169,200214_M03829_0294_000000000-CW8WJ
RUNNING CG001Qv40Run170,200302_M03829_0298_000000000-CWBRW
RUNNING CG001Qv40Run171,200227_M03829_0296_000000000-CW97K
RUNNING CG001Qv40Run174,200304_M03829_0299_000000000-CW7H2
RUNNING CG001Qv40Run175,200110_M02558_0343_000000000-CT9RK_1
RUNNING CG001Qv40Run177,200326_M03829_0303_000000000-CW69K
RUNNING CG001Qv40Run178,200318_M03829_0302_000000000-CW8HR_fixed
RUNNING CG001Qv40Run180,200415_M03829_0308_000000000-J3FWK
RUNNING CG001Qv40Run181,200422_M03829_0311_000000000-J5529
RUNNING CG001Qv40Run182,200428_M03829_0314_000000000-J56KG
RUNNING CG001Qv40Run183,200506_M03829_0316_000000000-J5792
RUNNING CG001Qv40Run185,200513_M03829_0319_000000000-J554V
RUNNING CG001Qv40Run187,200512_M02558_0365_000000000-J579G
RUNNING CG001Qv40Run188,200609_M03829_0328_000000000-J65G9
RUNNING CG001Qv40Run189,200612_M02558_0373_000000000-J65GH
RUNNING CG001Qv40Run190,200612_M03829_0329_000000000-J5W6W
RUNNING CG001Qv40Run191,200617_M02558_0374_000000000-J64YG
RUNNING CG001Qv40Run192,200629_M03829_0333_000000000-J656Y
RUNNING CG001Qv40Run194,200708_M03829_0334_000000000-J6PLM
RUNNING CG001Qv40Run195,200709_M03829_0335_000000000-J6PM2
RUNNING CG001Qv40Run197,200717_M03829_0337_000000000-J6WB9
RUNNING CG001Qv40Run198,200724_M02558_0382_000000000-J6WC6
RUNNING CG001Qv40Run199,200729_M03829_0340_000000000-J6PLW
RUNNING CG001Qv40Run200,200722_M03829_0338_000000000-J6PLN
RUNNING CG001Qv40Run201,200728_M02558_0383_000000000-J6WF4
RUNNING CG001Qv40Run202,200731_M03829_0341_000000000-J6W9V
RUNNING CG001Qv40Run203,200805_M03829_0343_000000000-J6WDK
RUNNING CG001Qv40Run205,200820_M03829_0350_000000000-J6RHV
RUNNING CG001Qv40Run206,200813_M03829_0347_000000000-J7K83
RUNNING CG001Qv40Run207,200818_M02558_0389_000000000-J6W97
RUNNING CG001Qv40Run208,200817_M03829_0348_000000000-J6WCH
RUNNING CG001Qv40Run209,200818_M03829_0349_000000000-J6PKC
RUNNING CG001Qv40Run210,200824_M02558_0391_000000000-JB8JD
RUNNING CG001Qv40Run211,200828_M03829_0353_000000000-JB7C2
RUNNING CG001Qv40Run212,200901_M03829_0354_000000000-JB87R
RUNNING CG001Qv40Run213,200904_M02558_0394_000000000-J8YBL
RUNNING CG001Qv40Run214,200909_M03829_0356_000000000-JB7BW
RUNNING CG001Qv40Run215,200911_M02558_0396_000000000-JB737
RUNNING CG001Qv51Next001,200831_NB551381_0081_AHFY5KAFX2
RUNNING CG001Qv51Next002,201002_NB551381_0087_AHFW2FAFX2
RUNNING CG001Qv51Next003,201007_NB551381_0088_AHFYYHAFX2
WARNING: No results is tagged true for CG001Qv51Next003,201007_NB551381_0088_AHFYYHAFX2
RUNNING CG001Qv51Next004,201009_NB551381_0089_AHFWCMAFX2
WARNING: No results is tagged true for CG001Qv51Next004,201009_NB551381_0089_AHFWCMAFX2
RUNNING CG001Qv51Next005,201013_NB551381_0090_AHFW2GAFX2
WARNING: No results is tagged true for CG001Qv51Next005,201013_NB551381_0090_AHFW2GAFX2
RUNNING CG001Qv51Next006,201016_NB551381_0091_AHFW22AFX2
WARNING: No results is tagged true for CG001Qv51Next006,201016_NB551381_0091_AHFW22AFX2
RUNNING CG001Qv51Next007,201023_NB551381_0093_AHFWLJAFX2
WARNING: No results is tagged true for CG001Qv51Next007,201023_NB551381_0093_AHFWLJAFX2
RUNNING CG001Qv51Next008,201026_NB551381_0094_AHHH73AFX2
WARNING: No results is tagged true for CG001Qv51Next008,201026_NB551381_0094_AHHH73AFX2
RUNNING CG001Qv51Next009,201027_NB551381_0095_AHHGYHAFX2
WARNING: No results is tagged true for CG001Qv51Next009,201027_NB551381_0095_AHHGYHAFX2
RUNNING CG001Qv51Next010,201029_NB551381_0096_AHHKM7AFX2
WARNING: No results is tagged true for CG001Qv51Next010,201029_NB551381_0096_AHHKM7AFX2
RUNNING CG001Qv51Next011,201102_NB551381_0097_AHHKHWAFX2
WARNING: No results is tagged true for CG001Qv51Next011,201102_NB551381_0097_AHHKHWAFX2
RUNNING CG001Qv51Next012,201104_NB551381_0098_AHHKK5AFX2
WARNING: No results is tagged true for CG001Qv51Next012,201104_NB551381_0098_AHHKK5AFX2
RUNNING CG001Qv51Next013,201112_NB551381_0099_AHJM32AFX2
WARNING: No results is tagged true for CG001Qv51Next013,201112_NB551381_0099_AHJM32AFX2
RUNNING CG001Qv51Next014,201117_NB551381_0100_AHJKK3AFX2
WARNING: No results is tagged true for CG001Qv51Next014,201117_NB551381_0100_AHJKK3AFX2
RUNNING CG001Qv51Next018,201127_NB551381_0104_AHJLGGAFX2
WARNING: No results is tagged true for CG001Qv51Next018,201127_NB551381_0104_AHJLGGAFX2
RUNNING CG001Qv51Next020,201202_NB551381_0106_AHJLHLAFX2
WARNING: No results is tagged true for CG001Qv51Next020,201202_NB551381_0106_AHJLHLAFX2
RUNNING CG001Qv51Next021,201207_NB551381_0107_AHJLJYAFX2
WARNING: No results is tagged true for CG001Qv51Next021,201207_NB551381_0107_AHJLJYAFX2
RUNNING CG001Qv51Run009,200730_M02558_0384_000000000-J6WDY
RUNNING CG001Qv51Run010,200801_M03829_0342_000000000-J6T3D
RUNNING CG001Qv51Run012,200807_M03829_0344_000000000-J6WB2
RUNNING CG001Qv51Run013,200811_M03829_0346_000000000-J85NY
RUNNING CG001Qv51Run015,200819_M02558_0390_000000000-J6W98
RUNNING CG001Qv51Run016,200821_M03829_0351_000000000-J8M8P
RUNNING CG001Qv51Run018,200829_M02558_0392_000000000-JB87N
RUNNING CG001Qv51Run019,200831_M02558_0393_000000000-CG9MY
RUNNING CG001Qv51Run020,200908_M03829_0355_000000000-JB7C6
RUNNING CG001Qv51Run021,200908_M02558_0395_000000000-JB7BV
RUNNING CG001Qv51Run023,200915_M02558_0398_000000000-JB9CP
RUNNING CG001Qv51Run024,200922_M03829_0359_000000000-JB7C7
RUNNING CG001Qv51Run025,200925_M03829_0360_000000000-JB8RF
RUNNING CG001Qv51Run026,200928_M02558_0402_000000000-JB8BD
RUNNING CG001Qv51Run027,200929_M02558_0403_000000000-JB7CJ
RUNNING CG001Qv51Run028,201001_M02558_0404_000000000-J88TH
RUNNING CG001Qv51Run029,201002_M02558_0405_000000000-J9CR5
RUNNING CG001Qv51Run030,201006_M03829_0363_000000000-JBTYV
RUNNING CG001Qv51Run031,201007_M02558_0407_000000000-JBTMY
RUNNING CG001Qv51Run032,201008_M03829_0364_000000000-JB89D
RUNNING CG001Qv51Run033,201009_M02558_0408_000000000-JC7G8
RUNNING CG001Qv51Run034,201022_M03829_0369_000000000-JBV6G
RUNNING CG001Qv51Run035,201016_M03829_0367_000000000-JC7CC
RUNNING CG001Qv51Run036,201019_M03829_0368_000000000-JC7DH
RUNNING CG001Qv51Run037,201016_M02558_0409_000000000-JC7LG
RUNNING CG001Qv51Run038,201028_M02558_0413_000000000-JC72Y
RUNNING CG001Qv51Run039,201022_M02558_0412_000000000-JBTYH
RUNNING CG001Qv51Run040,201030_M02558_0414_000000000-JC7CV
RUNNING CG001Qv51Run042,201117_M02558_0417_000000000-JC7C6
RUNNING CG001Qv51Run043,201123_M03829_0381_000000000-CFR4F
RUNNING CG001Qv51Run044,201123_M02558_0418_000000000-JDLBP
